#
# A fatal error has been detected by the Java Runtime Environment:
#
#  SIGSEGV (0xb) at pc=0x000000010292d124, pid=2967, tid=13315
#
# JRE version: Java(TM) SE Runtime Environment (8.0_91-b14) (build 1.8.0_91-b14)
# Java VM: Java HotSpot(TM) 64-Bit Server VM (25.91-b14 mixed mode bsd-amd64 compressed oops)
# Problematic frame:
# V  [libjvm.dylib+0x52d124]
#
# Failed to write core dump. Core dumps have been disabled. To enable core dumping, try "ulimit -c unlimited" before starting Java again
#
# If you would like to submit a bug report, please visit:
#   http://bugreport.java.com/bugreport/crash.jsp
#

---------------  T H R E A D  ---------------

Current thread (0x00007f91e200c800):  VMThread [stack: 0x0000700000a35000,0x0000700000b35000] [id=13315]

siginfo: si_signo: 11 (SIGSEGV), si_code: 1 (SEGV_MAPERR), si_addr: 0x0000000000000018

Registers:
RAX=0x00007f91e1601ff0, RBX=0x0000700000b34710, RCX=0x00000007aab00000, RDX=0x0000000000000000
RSP=0x0000700000b345f0, RBP=0x0000700000b34630, RSI=0x00007f91e414e880, RDI=0x0000700000b34710
R8 =0x0000700000b34a94, R9 =0x0000700000b34a90, R10=0x00000007af50ae00, R11=0x0000000004345ba0
R12=0x00000001155c8c18, R13=0x0000000000000008, R14=0x0000000102ce73f0, R15=0x0000000000065c18
RIP=0x000000010292d124, EFLAGS=0x0000000000010206, ERR=0x0000000000000004
  TRAPNO=0x000000000000000e

Top of Stack: (sp=0x0000700000b345f0)
0x0000700000b345f0:   0000000000001eea 0000700000b34a94
0x0000700000b34600:   0000700000b34a90 0000700000b34728
0x0000700000b34610:   00007f91e2304b60 0000000000003400
0x0000700000b34620:   00007f91e16021f0 0000000000000000
0x0000700000b34630:   0000700000b34ac0 00000001028c3814
0x0000700000b34640:   0000000102ce7320 0000000000000000
0x0000700000b34650:   0000003000000001 0000700000000001
0x0000700000b34660:   0000000004000000 0000000004000000
0x0000700000b34670:   00007f91e200c600 0000000000000000
0x0000700000b34680:   0000000d00000010 00007f91e3804af0
0x0000700000b34690:   00007f91e38046d0 00007f91e3805cb0
0x0000700000b346a0:   00007f91e3804b80 0000000800000000
0x0000700000b346b0:   0000700000218678 000070000021867c
0x0000700000b346c0:   0000700000b34b70 00007000002187e0
0x0000700000b346d0:   00007000002187e4 0000000000000000
0x0000700000b346e0:   7300ca6506959550 0000700000b34820
0x0000700000b346f0:   0000700000218680 0000700000218684
0x0000700000b34700:   ffffffffffffffff 0000000000000000
0x0000700000b34710:   0000000102c2b260 00007fff8dde6600
0x0000700000b34720:   00007f91e200c600 0000000102a0c227
0x0000700000b34730:   0000700000210000 0000000102ce7320
0x0000700000b34740:   000000002c1fc64c 000000009d72df88
0x0000700000b34750:   00007000002187f4 0000000000000000
0x0000700000b34760:   0000000000000009 00000000000002d4
0x0000700000b34770:   0000000000000000 0000700000218694
0x0000700000b34780:   0000000000000000 00007000002187f8
0x0000700000b34790:   00007000002187fc 0000000000000000
0x0000700000b347a0:   0000000000000000 0000000000000009
0x0000700000b347b0:   00000000000002d4 0000000000000000
0x0000700000b347c0:   0000000102c2b220 00007f91e200c600
0x0000700000b347d0:   0000000102c2b1f0 0000000000000100
0x0000700000b347e0:   00007f91e3804d60 00007f91e200c600 

Instructions: (pc=0x000000010292d124)
0x000000010292d104:   fa 49 c1 e7 03 48 89 4d c0 48 8b 05 1c ab 3b 00
0x000000010292d114:   4c 8b 60 08 4f 8b 2c 3c 4d 85 ed 74 68 4d 01 fc
0x000000010292d124:   49 8b 75 10 49 8b 06 4c 89 f7 ff 10 84 c0 74 1c
0x000000010292d134:   48 85 db 74 0e 49 8d 75 10 4c 8b 23 48 89 df 41 

Register to memory mapping:

RAX=0x00007f91e1601ff0 is an unknown value
RBX=0x0000700000b34710 is an unknown value
RCX=0x00000007aab00000 is an oop
[I 
 - klass: {type array int}
 - length: 0
RDX=0x0000000000000000 is an unknown value
RSP=0x0000700000b345f0 is an unknown value
RBP=0x0000700000b34630 is an unknown value
RSI=0x00007f91e414e880 is an unknown value
RDI=0x0000700000b34710 is an unknown value
R8 =0x0000700000b34a94 is an unknown value
R9 =0x0000700000b34a90 is an unknown value
R10=0x00000007af50ae00 is an unknown value
R11=0x0000000004345ba0 is an unknown value
R12=0x00000001155c8c18 is an unknown value
R13=0x0000000000000008 is an unknown value
R14=0x0000000102ce73f0: _ZN10PSScavenge17_is_alive_closureE+0 in /Library/Java/JavaVirtualMachines/jdk1.8.0_91.jdk/Contents/Home/jre/lib/server/libjvm.dylib at 0x0000000102400000
R15=0x0000000000065c18 is an unknown value


Stack: [0x0000700000a35000,0x0000700000b35000],  sp=0x0000700000b345f0,  free space=1021k
Native frames: (J=compiled Java code, j=interpreted, Vv=VM code, C=native code)
V  [libjvm.dylib+0x52d124]
V  [libjvm.dylib+0x4c3814]
V  [libjvm.dylib+0x4c3fd8]
V  [libjvm.dylib+0x4972bd]
V  [libjvm.dylib+0x5aa364]
V  [libjvm.dylib+0x5b0a7d]
V  [libjvm.dylib+0x5af0e7]
V  [libjvm.dylib+0x5af534]
V  [libjvm.dylib+0x5aee53]
V  [libjvm.dylib+0x484f82]
C  [libsystem_pthread.dylib+0x3c13]  _pthread_body+0x83
C  [libsystem_pthread.dylib+0x3b90]  _pthread_body+0x0
C  [libsystem_pthread.dylib+0x1375]  thread_start+0xd

VM_Operation (0x00007000002184f8): ParallelGCFailedAllocation, mode: safepoint, requested by thread 0x00007f91e1806800


---------------  P R O C E S S  ---------------

Java Threads: ( => current thread )
  0x00007f91e2041000 JavaThread "Service Thread" daemon [_thread_blocked, id=21251, stack(0x0000700001353000,0x0000700001453000)]
  0x00007f91e282b800 JavaThread "C1 CompilerThread3" daemon [_thread_blocked, id=20739, stack(0x0000700001250000,0x0000700001350000)]
  0x00007f91e282b000 JavaThread "C2 CompilerThread2" daemon [_thread_blocked, id=20227, stack(0x000070000114d000,0x000070000124d000)]
  0x00007f91e2827000 JavaThread "C2 CompilerThread1" daemon [_thread_blocked, id=19715, stack(0x000070000104a000,0x000070000114a000)]
  0x00007f91e3015000 JavaThread "C2 CompilerThread0" daemon [_thread_in_native, id=19203, stack(0x0000700000f47000,0x0000700001047000)]
  0x00007f91e3014800 JavaThread "Signal Dispatcher" daemon [_thread_blocked, id=14863, stack(0x0000700000e44000,0x0000700000f44000)]
  0x00007f91e2824000 JavaThread "Finalizer" daemon [_thread_blocked, id=14339, stack(0x0000700000c3b000,0x0000700000d3b000)]
  0x00007f91e1813800 JavaThread "Reference Handler" daemon [_thread_blocked, id=13827, stack(0x0000700000b38000,0x0000700000c38000)]
  0x00007f91e1806800 JavaThread "main" [_thread_blocked, id=5891, stack(0x000070000011a000,0x000070000021a000)]

Other Threads:
=>0x00007f91e200c800 VMThread [stack: 0x0000700000a35000,0x0000700000b35000] [id=13315]
  0x00007f91e2042000 WatcherThread [stack: 0x0000700001456000,0x0000700001556000] [id=21763]

VM state:at safepoint (normal execution)

VM Mutex/Monitor currently owned by a thread:  ([mutex/lock_event])
[0x00007f91e3802c70] Threads_lock - owner thread: 0x00007f91e200c800
[0x00007f91e3803170] Heap_lock - owner thread: 0x00007f91e1806800

Heap:
 PSYoungGen      total 76288K, used 65536K [0x00000007aab00000, 0x00000007b0000000, 0x00000007c0000000)
  eden space 65536K, 100% used [0x00000007aab00000,0x00000007aeb00000,0x00000007aeb00000)
  from space 10752K, 0% used [0x00000007af580000,0x00000007af580000,0x00000007b0000000)
  to   space 10752K, 95% used [0x00000007aeb00000,0x00000007af50ae00,0x00000007af580000)
 ParOldGen       total 175104K, used 16K [0x0000000780000000, 0x000000078ab00000, 0x00000007aab00000)
  object space 175104K, 0% used [0x0000000780000000,0x0000000780004000,0x000000078ab00000)
 Metaspace       used 5456K, capacity 6896K, committed 7040K, reserved 1056768K
  class space    used 538K, capacity 616K, committed 640K, reserved 1048576K

Card table byte_map: [0x0000000112789000,0x000000011298a000] byte_map_base: 0x000000010eb89000

Marking Bits: (ParMarkBitMap*) 0x0000000102ce6eb0
 Begin Bits: [0x0000000112ae0000, 0x0000000113ae0000)
 End Bits:   [0x0000000113ae0000, 0x0000000114ae0000)

Polling page: 0x00000001013cf000

CodeCache: size=245760Kb used=5308Kb max_used=5308Kb free=240451Kb
 bounds [0x00000001033c9000, 0x0000000103909000, 0x00000001123c9000]
 total_blobs=1527 nmethods=1268 adapters=171
 compilation: enabled

Compilation events (10 events):
Event: 0.726 Thread 0x00007f91e282b800 nmethod 1285 0x00000001038f6350 code [0x00000001038f64a0, 0x00000001038f6610]
Event: 0.726 Thread 0x00007f91e282b800 1286       3       com.android.dx.cf.code.BasicBlocker::getBlockList (208 bytes)
Event: 0.727 Thread 0x00007f91e282b800 nmethod 1286 0x00000001038f6690 code [0x00000001038f6920, 0x00000001038f7b68]
Event: 0.727 Thread 0x00007f91e282b800 1287       3       com.android.dx.cf.code.Ropper::getRopMethod (64 bytes)
Event: 0.728 Thread 0x00007f91e282b800 nmethod 1287 0x00000001038f8610 code [0x00000001038f8860, 0x00000001038f95f8]
Event: 0.728 Thread 0x00007f91e282b800 1288       3       java.util.HashMap::tableSizeFor (59 bytes)
Event: 0.728 Thread 0x00007f91e282b800 nmethod 1288 0x00000001038f9ed0 code [0x00000001038fa040, 0x00000001038fa250]
Event: 0.729 Thread 0x00007f91e282b800 1289       3       com.android.dx.ssa.DomFront::calcDomFronts (154 bytes)
Event: 0.729 Thread 0x00007f91e282b800 nmethod 1289 0x00000001038fa2d0 code [0x00000001038fa520, 0x00000001038fb108]
Event: 0.730 Thread 0x00007f91e282b800 1290       3       com.android.dx.ssa.Dominators::run (506 bytes)

GC Heap History (1 events):
Event: 0.732 GC heap before
{Heap before GC invocations=1 (full 0):
 PSYoungGen      total 76288K, used 65536K [0x00000007aab00000, 0x00000007b0000000, 0x00000007c0000000)
  eden space 65536K, 100% used [0x00000007aab00000,0x00000007aeb00000,0x00000007aeb00000)
  from space 10752K, 0% used [0x00000007af580000,0x00000007af580000,0x00000007b0000000)
  to   space 10752K, 0% used [0x00000007aeb00000,0x00000007aeb00000,0x00000007af580000)
 ParOldGen       total 175104K, used 0K [0x0000000780000000, 0x000000078ab00000, 0x00000007aab00000)
  object space 175104K, 0% used [0x0000000780000000,0x0000000780000000,0x000000078ab00000)
 Metaspace       used 5456K, capacity 6896K, committed 7040K, reserved 1056768K
  class space    used 538K, capacity 616K, committed 640K, reserved 1048576K

Deoptimization events (10 events):
Event: 0.108 Thread 0x00007f91e1806800 Uncommon trap: reason=unstable_if action=reinterpret pc=0x0000000103508800 method=java.lang.String.indexOf(II)I @ 49
Event: 0.225 Thread 0x00007f91e1806800 Uncommon trap: reason=unstable_if action=reinterpret pc=0x000000010356d5ec method=java.util.HashMap.getNode(ILjava/lang/Object;)Ljava/util/HashMap$Node; @ 129
Event: 0.280 Thread 0x00007f91e1806800 Uncommon trap: reason=class_check action=maybe_recompile pc=0x00000001035e6a50 method=com.android.dx.ssa.NormalSsaInsn.accept(Lcom/android/dx/ssa/SsaInsn$Visitor;)V @ 9
Event: 0.490 Thread 0x00007f91e1806800 Uncommon trap: reason=class_check action=maybe_recompile pc=0x00000001036f1ebc method=com.android.dx.ssa.NormalSsaInsn.accept(Lcom/android/dx/ssa/SsaInsn$Visitor;)V @ 9
Event: 0.490 Thread 0x00007f91e1806800 Uncommon trap: reason=class_check action=maybe_recompile pc=0x00000001036f1ebc method=com.android.dx.ssa.NormalSsaInsn.accept(Lcom/android/dx/ssa/SsaInsn$Visitor;)V @ 9
Event: 0.491 Thread 0x00007f91e1806800 Uncommon trap: reason=class_check action=maybe_recompile pc=0x00000001036f1ebc method=com.android.dx.ssa.NormalSsaInsn.accept(Lcom/android/dx/ssa/SsaInsn$Visitor;)V @ 9
Event: 0.492 Thread 0x00007f91e1806800 Uncommon trap: reason=class_check action=maybe_recompile pc=0x00000001035e6a50 method=com.android.dx.ssa.NormalSsaInsn.accept(Lcom/android/dx/ssa/SsaInsn$Visitor;)V @ 9
Event: 0.566 Thread 0x00007f91e1806800 Uncommon trap: reason=unstable_if action=reinterpret pc=0x00000001037b4468 method=com.android.dx.cf.code.ByteCatchList.listFor(I)Lcom/android/dx/cf/code/ByteCatchList; @ 19
Event: 0.567 Thread 0x00007f91e1806800 Uncommon trap: reason=unstable_if action=reinterpret pc=0x000000010379567c method=com.android.dx.ssa.LocalVariableExtractor.processBlock(I)V @ 77
Event: 0.568 Thread 0x00007f91e1806800 Uncommon trap: reason=unstable_if action=reinterpret pc=0x00000001037eb530 method=com.android.dx.rop.code.InsnList.contentEquals(Lcom/android/dx/rop/code/InsnList;)Z @ 25

Internal exceptions (2 events):
Event: 0.024 Thread 0x00007f91e1806800 Exception <a 'java/lang/NoSuchMethodError': Method sun.misc.Unsafe.defineClass(Ljava/lang/String;[BII)Ljava/lang/Class; name or signature does not match> (0x00000007aab07cc0) thrown at [/Users/java_re/workspace/8-2-build-macosx-x86_64/jdk8u91/6644/hotspot
Event: 0.024 Thread 0x00007f91e1806800 Exception <a 'java/lang/NoSuchMethodError': Method sun.misc.Unsafe.prefetchRead(Ljava/lang/Object;J)V name or signature does not match> (0x00000007aab07fa8) thrown at [/Users/java_re/workspace/8-2-build-macosx-x86_64/jdk8u91/6644/hotspot/src/share/vm/prim

Events (10 events):
Event: 0.646 Thread 0x00007f91e1806800 DEOPT UNPACKING pc=0x0000000103410633 sp=0x00007000002186f0 mode 0
Event: 0.650 Thread 0x00007f91e1806800 DEOPT PACKING pc=0x00000001037a62cd sp=0x0000700000218700
Event: 0.650 Thread 0x00007f91e1806800 DEOPT UNPACKING pc=0x0000000103410633 sp=0x0000700000218420 mode 0
Event: 0.650 Thread 0x00007f91e1806800 DEOPT PACKING pc=0x000000010379e5f6 sp=0x0000700000218580
Event: 0.650 Thread 0x00007f91e1806800 DEOPT UNPACKING pc=0x0000000103410633 sp=0x00007000002182d8 mode 0
Event: 0.672 Thread 0x00007f91e1806800 DEOPT PACKING pc=0x000000010377e4dd sp=0x00007000002187d0
Event: 0.672 Thread 0x00007f91e1806800 DEOPT UNPACKING pc=0x0000000103410633 sp=0x00007000002185d0 mode 0
Event: 0.672 Thread 0x00007f91e1806800 DEOPT PACKING pc=0x0000000103793879 sp=0x00007000002188d0
Event: 0.672 Thread 0x00007f91e1806800 DEOPT UNPACKING pc=0x0000000103410633 sp=0x0000700000218698 mode 0
Event: 0.732 Executing VM operation: ParallelGCFailedAllocation


Dynamic libraries:
0x000000000463a000 	/System/Library/Frameworks/Cocoa.framework/Versions/A/Cocoa
0x000000000463a000 	/System/Library/Frameworks/Security.framework/Versions/A/Security
0x000000000463a000 	/System/Library/Frameworks/ApplicationServices.framework/Versions/A/ApplicationServices
0x000000000463a000 	/usr/lib/libz.1.dylib
0x000000000463a000 	/usr/lib/libSystem.B.dylib
0x000000000463a000 	/usr/lib/libobjc.A.dylib
0x000000000463a000 	/System/Library/Frameworks/CoreFoundation.framework/Versions/A/CoreFoundation
0x000000000463a000 	/System/Library/Frameworks/Foundation.framework/Versions/C/Foundation
0x000000000463a000 	/System/Library/Frameworks/AppKit.framework/Versions/C/AppKit
0x000000000463a000 	/System/Library/Frameworks/CoreData.framework/Versions/A/CoreData
0x000000000463a000 	/System/Library/PrivateFrameworks/RemoteViewServices.framework/Versions/A/RemoteViewServices
0x000000000463a000 	/System/Library/PrivateFrameworks/UIFoundation.framework/Versions/A/UIFoundation
0x000000000463a000 	/usr/lib/libScreenReader.dylib
0x000000000463a000 	/System/Library/Frameworks/Accelerate.framework/Versions/A/Accelerate
0x000000000463a000 	/System/Library/Frameworks/IOSurface.framework/Versions/A/IOSurface
0x000000000463a000 	/System/Library/Frameworks/AudioToolbox.framework/Versions/A/AudioToolbox
0x000000000463a000 	/System/Library/Frameworks/AudioUnit.framework/Versions/A/AudioUnit
0x000000000463a000 	/System/Library/PrivateFrameworks/DataDetectorsCore.framework/Versions/A/DataDetectorsCore
0x000000000463a000 	/System/Library/PrivateFrameworks/DesktopServicesPriv.framework/Versions/A/DesktopServicesPriv
0x000000000463a000 	/System/Library/Frameworks/Carbon.framework/Versions/A/Frameworks/HIToolbox.framework/Versions/A/HIToolbox
0x000000000463a000 	/System/Library/Frameworks/QuartzCore.framework/Versions/A/QuartzCore
0x000000000463a000 	/System/Library/Frameworks/Carbon.framework/Versions/A/Frameworks/SpeechRecognition.framework/Versions/A/SpeechRecognition
0x000000000463a000 	/usr/lib/libauto.dylib
0x000000000463a000 	/usr/lib/libicucore.A.dylib
0x000000000463a000 	/usr/lib/libxml2.2.dylib
0x000000000463a000 	/System/Library/PrivateFrameworks/CoreUI.framework/Versions/A/CoreUI
0x000000000463a000 	/System/Library/Frameworks/CoreAudio.framework/Versions/A/CoreAudio
0x000000000463a000 	/System/Library/Frameworks/DiskArbitration.framework/Versions/A/DiskArbitration
0x000000000463a000 	/usr/lib/liblangid.dylib
0x000000000463a000 	/System/Library/PrivateFrameworks/MultitouchSupport.framework/Versions/A/MultitouchSupport
0x000000000463a000 	/System/Library/Frameworks/IOKit.framework/Versions/A/IOKit
0x000000000463a000 	/usr/lib/libDiagnosticMessagesClient.dylib
0x000000000463a000 	/System/Library/Frameworks/CoreServices.framework/Versions/A/CoreServices
0x000000000463a000 	/System/Library/PrivateFrameworks/PerformanceAnalysis.framework/Versions/A/PerformanceAnalysis
0x000000000463a000 	/System/Library/PrivateFrameworks/GenerationalStorage.framework/Versions/A/GenerationalStorage
0x000000000463a000 	/System/Library/Frameworks/OpenGL.framework/Versions/A/OpenGL
0x000000000463a000 	/System/Library/PrivateFrameworks/Sharing.framework/Versions/A/Sharing
0x000000000463a000 	/System/Library/Frameworks/CoreGraphics.framework/Versions/A/CoreGraphics
0x000000000463a000 	/System/Library/Frameworks/CoreImage.framework/Versions/A/CoreImage
0x000000000463a000 	/System/Library/Frameworks/CoreText.framework/Versions/A/CoreText
0x000000000463a000 	/System/Library/Frameworks/ImageIO.framework/Versions/A/ImageIO
0x000000000463a000 	/System/Library/PrivateFrameworks/Backup.framework/Versions/A/Backup
0x000000000463a000 	/usr/lib/libextension.dylib
0x000000000463a000 	/usr/lib/libarchive.2.dylib
0x000000000463a000 	/System/Library/Frameworks/CFNetwork.framework/Versions/A/CFNetwork
0x000000000463a000 	/System/Library/Frameworks/SystemConfiguration.framework/Versions/A/SystemConfiguration
0x000000000463a000 	/usr/lib/libCRFSuite.dylib
0x000000000463a000 	/usr/lib/libc++.1.dylib
0x000000000463a000 	/usr/lib/libc++abi.dylib
0x000000000463a000 	/usr/lib/system/libcache.dylib
0x000000000463a000 	/usr/lib/system/libcommonCrypto.dylib
0x000000000463a000 	/usr/lib/system/libcompiler_rt.dylib
0x000000000463a000 	/usr/lib/system/libcopyfile.dylib
0x000000000463a000 	/usr/lib/system/libcorecrypto.dylib
0x000000000463a000 	/usr/lib/system/libdispatch.dylib
0x000000000463a000 	/usr/lib/system/libdyld.dylib
0x000000000463a000 	/usr/lib/system/libkeymgr.dylib
0x000000000463a000 	/usr/lib/system/liblaunch.dylib
0x000000000463a000 	/usr/lib/system/libmacho.dylib
0x000000000463a000 	/usr/lib/system/libquarantine.dylib
0x000000000463a000 	/usr/lib/system/libremovefile.dylib
0x000000000463a000 	/usr/lib/system/libsystem_asl.dylib
0x000000000463a000 	/usr/lib/system/libsystem_blocks.dylib
0x000000000463a000 	/usr/lib/system/libsystem_c.dylib
0x000000000463a000 	/usr/lib/system/libsystem_configuration.dylib
0x000000000463a000 	/usr/lib/system/libsystem_coreservices.dylib
0x000000000463a000 	/usr/lib/system/libsystem_coretls.dylib
0x000000000463a000 	/usr/lib/system/libsystem_dnssd.dylib
0x000000000463a000 	/usr/lib/system/libsystem_info.dylib
0x000000000463a000 	/usr/lib/system/libsystem_kernel.dylib
0x000000000463a000 	/usr/lib/system/libsystem_m.dylib
0x000000000463a000 	/usr/lib/system/libsystem_malloc.dylib
0x000000000463a000 	/usr/lib/system/libsystem_network.dylib
0x000000000463a000 	/usr/lib/system/libsystem_networkextension.dylib
0x000000000463a000 	/usr/lib/system/libsystem_notify.dylib
0x000000000463a000 	/usr/lib/system/libsystem_platform.dylib
0x000000000463a000 	/usr/lib/system/libsystem_pthread.dylib
0x000000000463a000 	/usr/lib/system/libsystem_sandbox.dylib
0x000000000463a000 	/usr/lib/system/libsystem_secinit.dylib
0x000000000463a000 	/usr/lib/system/libsystem_trace.dylib
0x000000000463a000 	/usr/lib/system/libunc.dylib
0x000000000463a000 	/usr/lib/system/libunwind.dylib
0x000000000463a000 	/usr/lib/system/libxpc.dylib
0x000000000463a000 	/usr/lib/libenergytrace.dylib
0x000000000463a000 	/usr/lib/libbsm.0.dylib
0x000000000463a000 	/usr/lib/system/libkxld.dylib
0x000000000463a000 	/usr/lib/libxar.1.dylib
0x000000000463a000 	/usr/lib/libsqlite3.dylib
0x000000000463a000 	/usr/lib/libpam.2.dylib
0x000000000463a000 	/usr/lib/libOpenScriptingUtil.dylib
0x000000000463a000 	/usr/lib/libbz2.1.0.dylib
0x000000000463a000 	/usr/lib/liblzma.5.dylib
0x000000000463a000 	/System/Library/Frameworks/CoreServices.framework/Versions/A/Frameworks/FSEvents.framework/Versions/A/FSEvents
0x000000000463a000 	/System/Library/Frameworks/CoreServices.framework/Versions/A/Frameworks/CarbonCore.framework/Versions/A/CarbonCore
0x000000000463a000 	/System/Library/Frameworks/CoreServices.framework/Versions/A/Frameworks/Metadata.framework/Versions/A/Metadata
0x000000000463a000 	/System/Library/Frameworks/CoreServices.framework/Versions/A/Frameworks/OSServices.framework/Versions/A/OSServices
0x000000000463a000 	/System/Library/Frameworks/CoreServices.framework/Versions/A/Frameworks/SearchKit.framework/Versions/A/SearchKit
0x000000000463a000 	/System/Library/Frameworks/CoreServices.framework/Versions/A/Frameworks/AE.framework/Versions/A/AE
0x000000000463a000 	/System/Library/Frameworks/CoreServices.framework/Versions/A/Frameworks/LaunchServices.framework/Versions/A/LaunchServices
0x000000000463a000 	/System/Library/Frameworks/CoreServices.framework/Versions/A/Frameworks/DictionaryServices.framework/Versions/A/DictionaryServices
0x000000000463a000 	/System/Library/Frameworks/CoreServices.framework/Versions/A/Frameworks/SharedFileList.framework/Versions/A/SharedFileList
0x000000000463a000 	/System/Library/Frameworks/NetFS.framework/Versions/A/NetFS
0x000000000463a000 	/System/Library/PrivateFrameworks/NetAuth.framework/Versions/A/NetAuth
0x000000000463a000 	/System/Library/PrivateFrameworks/login.framework/Versions/A/Frameworks/loginsupport.framework/Versions/A/loginsupport
0x000000000463a000 	/System/Library/PrivateFrameworks/TCC.framework/Versions/A/TCC
0x000000000463a000 	/usr/lib/libmecabra.dylib
0x000000000463a000 	/System/Library/Frameworks/ApplicationServices.framework/Versions/A/Frameworks/ATS.framework/Versions/A/ATS
0x000000000463a000 	/System/Library/Frameworks/ApplicationServices.framework/Versions/A/Frameworks/ColorSync.framework/Versions/A/ColorSync
0x000000000463a000 	/System/Library/Frameworks/ApplicationServices.framework/Versions/A/Frameworks/HIServices.framework/Versions/A/HIServices
0x000000000463a000 	/System/Library/Frameworks/ApplicationServices.framework/Versions/A/Frameworks/LangAnalysis.framework/Versions/A/LangAnalysis
0x000000000463a000 	/System/Library/Frameworks/ApplicationServices.framework/Versions/A/Frameworks/PrintCore.framework/Versions/A/PrintCore
0x000000000463a000 	/System/Library/Frameworks/ApplicationServices.framework/Versions/A/Frameworks/QD.framework/Versions/A/QD
0x000000000463a000 	/System/Library/Frameworks/ApplicationServices.framework/Versions/A/Frameworks/SpeechSynthesis.framework/Versions/A/SpeechSynthesis
0x000000000463a000 	/System/Library/Frameworks/Metal.framework/Versions/A/Metal
0x000000000463a000 	/System/Library/Frameworks/Accelerate.framework/Versions/A/Frameworks/vImage.framework/Versions/A/vImage
0x000000000463a000 	/System/Library/Frameworks/Accelerate.framework/Versions/A/Frameworks/vecLib.framework/Versions/A/vecLib
0x000000000463a000 	/System/Library/Frameworks/Accelerate.framework/Versions/A/Frameworks/vecLib.framework/Versions/A/libvDSP.dylib
0x000000000463a000 	/System/Library/Frameworks/Accelerate.framework/Versions/A/Frameworks/vecLib.framework/Versions/A/libvMisc.dylib
0x000000000463a000 	/System/Library/Frameworks/Accelerate.framework/Versions/A/Frameworks/vecLib.framework/Versions/A/libLAPACK.dylib
0x000000000463a000 	/System/Library/Frameworks/Accelerate.framework/Versions/A/Frameworks/vecLib.framework/Versions/A/libBLAS.dylib
0x000000000463a000 	/System/Library/Frameworks/Accelerate.framework/Versions/A/Frameworks/vecLib.framework/Versions/A/libLinearAlgebra.dylib
0x000000000463a000 	/System/Library/Frameworks/Accelerate.framework/Versions/A/Frameworks/vecLib.framework/Versions/A/libSparseBLAS.dylib
0x000000000463a000 	/System/Library/PrivateFrameworks/GPUCompiler.framework/libmetal_timestamp.dylib
0x000000000463a000 	/System/Library/Frameworks/OpenGL.framework/Versions/A/Libraries/libCoreFSCache.dylib
0x000000000463a000 	/System/Library/PrivateFrameworks/IOAccelerator.framework/Versions/A/IOAccelerator
0x000000000463a000 	/System/Library/Frameworks/ApplicationServices.framework/Versions/A/Frameworks/ATS.framework/Versions/A/Resources/libFontParser.dylib
0x000000000463a000 	/System/Library/Frameworks/ApplicationServices.framework/Versions/A/Frameworks/ATS.framework/Versions/A/Resources/libFontRegistry.dylib
0x000000000463a000 	/System/Library/PrivateFrameworks/AppleVPA.framework/Versions/A/AppleVPA
0x000000000463a000 	/System/Library/PrivateFrameworks/AppleJPEG.framework/Versions/A/AppleJPEG
0x000000000463a000 	/System/Library/Frameworks/ImageIO.framework/Versions/A/Resources/libJPEG.dylib
0x000000000463a000 	/System/Library/Frameworks/ImageIO.framework/Versions/A/Resources/libTIFF.dylib
0x000000000463a000 	/System/Library/Frameworks/ImageIO.framework/Versions/A/Resources/libPng.dylib
0x000000000463a000 	/System/Library/Frameworks/ImageIO.framework/Versions/A/Resources/libGIF.dylib
0x000000000463a000 	/System/Library/Frameworks/ImageIO.framework/Versions/A/Resources/libJP2.dylib
0x000000000463a000 	/System/Library/Frameworks/ImageIO.framework/Versions/A/Resources/libRadiance.dylib
0x000000000463a000 	/System/Library/Frameworks/CoreVideo.framework/Versions/A/CoreVideo
0x000000000463a000 	/System/Library/Frameworks/OpenGL.framework/Versions/A/Libraries/libGLU.dylib
0x000000000463a000 	/System/Library/Frameworks/OpenGL.framework/Versions/A/Libraries/libGFXShared.dylib
0x000000000463a000 	/System/Library/Frameworks/OpenGL.framework/Versions/A/Libraries/libGL.dylib
0x000000000463a000 	/System/Library/Frameworks/OpenGL.framework/Versions/A/Libraries/libGLImage.dylib
0x000000000463a000 	/System/Library/Frameworks/OpenGL.framework/Versions/A/Libraries/libCVMSPluginSupport.dylib
0x000000000463a000 	/System/Library/Frameworks/OpenGL.framework/Versions/A/Libraries/libCoreVMClient.dylib
0x000000000463a000 	/usr/lib/libcups.2.dylib
0x000000000463a000 	/System/Library/Frameworks/Kerberos.framework/Versions/A/Kerberos
0x000000000463a000 	/System/Library/Frameworks/GSS.framework/Versions/A/GSS
0x000000000463a000 	/usr/lib/libresolv.9.dylib
0x000000000463a000 	/usr/lib/libiconv.2.dylib
0x000000000463a000 	/System/Library/PrivateFrameworks/Heimdal.framework/Versions/A/Heimdal
0x000000000463a000 	/usr/lib/libheimdal-asn1.dylib
0x000000000463a000 	/System/Library/Frameworks/OpenDirectory.framework/Versions/A/OpenDirectory
0x000000000463a000 	/System/Library/PrivateFrameworks/CommonAuth.framework/Versions/A/CommonAuth
0x000000000463a000 	/System/Library/Frameworks/OpenDirectory.framework/Versions/A/Frameworks/CFOpenDirectory.framework/Versions/A/CFOpenDirectory
0x000000000463a000 	/System/Library/Frameworks/SecurityFoundation.framework/Versions/A/SecurityFoundation
0x000000000463a000 	/System/Library/PrivateFrameworks/LanguageModeling.framework/Versions/A/LanguageModeling
0x000000000463a000 	/usr/lib/libmarisa.dylib
0x000000000463a000 	/usr/lib/libChineseTokenizer.dylib
0x000000000463a000 	/usr/lib/libcmph.dylib
0x000000000463a000 	/usr/lib/libcompression.dylib
0x000000000463a000 	/System/Library/Frameworks/ServiceManagement.framework/Versions/A/ServiceManagement
0x000000000463a000 	/usr/lib/libxslt.1.dylib
0x000000000463a000 	/System/Library/Frameworks/Carbon.framework/Versions/A/Frameworks/Ink.framework/Versions/A/Ink
0x000000000463a000 	/usr/lib/libFosl_dynamic.dylib
0x000000000463a000 	/System/Library/PrivateFrameworks/FaceCore.framework/Versions/A/FaceCore
0x000000000463a000 	/System/Library/Frameworks/OpenCL.framework/Versions/A/OpenCL
0x000000000463a000 	/System/Library/PrivateFrameworks/CrashReporterSupport.framework/Versions/A/CrashReporterSupport
0x000000000463a000 	/System/Library/PrivateFrameworks/IconServices.framework/Versions/A/IconServices
0x000000000463a000 	/System/Library/PrivateFrameworks/Apple80211.framework/Versions/A/Apple80211
0x000000000463a000 	/System/Library/Frameworks/CoreWLAN.framework/Versions/A/CoreWLAN
0x000000000463a000 	/System/Library/Frameworks/IOBluetooth.framework/Versions/A/IOBluetooth
0x000000000463a000 	/System/Library/PrivateFrameworks/CoreWiFi.framework/Versions/A/CoreWiFi
0x000000000463a000 	/System/Library/Frameworks/CoreBluetooth.framework/Versions/A/CoreBluetooth
0x000000000463a000 	/System/Library/PrivateFrameworks/ChunkingLibrary.framework/Versions/A/ChunkingLibrary
0x000000000463a000 	/System/Library/PrivateFrameworks/DebugSymbols.framework/Versions/A/DebugSymbols
0x000000000463a000 	/System/Library/PrivateFrameworks/CoreSymbolication.framework/Versions/A/CoreSymbolication
0x000000000463a000 	/System/Library/PrivateFrameworks/Symbolication.framework/Versions/A/Symbolication
0x000000000463a000 	/System/Library/PrivateFrameworks/SpeechRecognitionCore.framework/Versions/A/SpeechRecognitionCore
0x0000000102400000 	/Library/Java/JavaVirtualMachines/jdk1.8.0_91.jdk/Contents/Home/jre/lib/server/libjvm.dylib
0x000000000463a000 	/usr/lib/libstdc++.6.dylib
0x00000001013c1000 	/Library/Java/JavaVirtualMachines/jdk1.8.0_91.jdk/Contents/Home/jre/lib/libverify.dylib
0x0000000103394000 	/Library/Java/JavaVirtualMachines/jdk1.8.0_91.jdk/Contents/Home/jre/lib/libjava.dylib
0x00000001013d9000 	/Library/Java/JavaVirtualMachines/jdk1.8.0_91.jdk/Contents/Home/jre/lib/libzip.dylib
0x000000011742e000 	/System/Library/Frameworks/JavaVM.framework/Frameworks/JavaRuntimeSupport.framework/JavaRuntimeSupport
0x0000000117449000 	/System/Library/Frameworks/JavaVM.framework/Versions/A/Frameworks/JavaNativeFoundation.framework/Versions/A/JavaNativeFoundation
0x000000011745e000 	/System/Library/Frameworks/JavaVM.framework/Versions/A/JavaVM
0x000000000463a000 	/System/Library/Frameworks/Carbon.framework/Versions/A/Carbon
0x000000011746b000 	/System/Library/PrivateFrameworks/JavaLaunching.framework/Versions/A/JavaLaunching
0x000000000463a000 	/System/Library/Frameworks/Carbon.framework/Versions/A/Frameworks/CommonPanels.framework/Versions/A/CommonPanels
0x000000000463a000 	/System/Library/Frameworks/Carbon.framework/Versions/A/Frameworks/Help.framework/Versions/A/Help
0x000000000463a000 	/System/Library/Frameworks/Carbon.framework/Versions/A/Frameworks/ImageCapture.framework/Versions/A/ImageCapture
0x000000000463a000 	/System/Library/Frameworks/Carbon.framework/Versions/A/Frameworks/OpenScripting.framework/Versions/A/OpenScripting
0x000000000463a000 	/System/Library/Frameworks/Carbon.framework/Versions/A/Frameworks/Print.framework/Versions/A/Print
0x000000000463a000 	/System/Library/Frameworks/Carbon.framework/Versions/A/Frameworks/SecurityHI.framework/Versions/A/SecurityHI

VM Arguments:
jvm_args: -Djava.awt.headless=true -Xmx1024M -Dfile.encoding=UTF-8 -Duser.country=US -Duser.language=en -Duser.variant 
java_command: com.android.dx.command.Main --dex --force-jumbo --multi-dex --output /Users/joshuanasiatka/Github/SpaceWars/app/build/intermediates/transforms/dex/debug/folders/1000/5/slice_2 /Users/joshuanasiatka/Github/SpaceWars/app/build/intermediates/transforms/instantRunSlicer/debug/folders/1/5/slice_2
java_class_path (initial): /Users/joshuanasiatka/Library/Android/sdk/build-tools/21.1.1/lib/dx.jar
Launcher Type: SUN_STANDARD

Environment Variables:
PATH=/usr/bin:/bin:/usr/sbin:/sbin
SHELL=/bin/bash

Signal Handlers:
SIGSEGV: [libjvm.dylib+0x5a97a1], sa_mask[0]=11111111011111110111111111111111, sa_flags=SA_ONSTACK|SA_RESTART|SA_SIGINFO
SIGBUS: [libjvm.dylib+0x5a97a1], sa_mask[0]=11111111011111110111111111111111, sa_flags=SA_RESTART|SA_SIGINFO
SIGFPE: [libjvm.dylib+0x482594], sa_mask[0]=11111111011111110111111111111111, sa_flags=SA_RESTART|SA_SIGINFO
SIGPIPE: [libjvm.dylib+0x482594], sa_mask[0]=11111111011111110111111111111111, sa_flags=SA_RESTART|SA_SIGINFO
SIGXFSZ: [libjvm.dylib+0x482594], sa_mask[0]=11111111011111110111111111111111, sa_flags=SA_RESTART|SA_SIGINFO
SIGILL: [libjvm.dylib+0x482594], sa_mask[0]=11111111011111110111111111111111, sa_flags=SA_RESTART|SA_SIGINFO
SIGUSR1: SIG_DFL, sa_mask[0]=00000000000000000000000000000000, sa_flags=none
SIGUSR2: [libjvm.dylib+0x4820b2], sa_mask[0]=00100000000000000000000000000000, sa_flags=SA_RESTART|SA_SIGINFO
SIGHUP: [libjvm.dylib+0x480689], sa_mask[0]=11111111011111110111111111111111, sa_flags=SA_RESTART|SA_SIGINFO
SIGINT: [libjvm.dylib+0x480689], sa_mask[0]=11111111011111110111111111111111, sa_flags=SA_RESTART|SA_SIGINFO
SIGTERM: [libjvm.dylib+0x480689], sa_mask[0]=11111111011111110111111111111111, sa_flags=SA_RESTART|SA_SIGINFO
SIGQUIT: [libjvm.dylib+0x480689], sa_mask[0]=11111111011111110111111111111111, sa_flags=SA_RESTART|SA_SIGINFO


---------------  S Y S T E M  ---------------

OS:Bsduname:Darwin 15.3.0 Darwin Kernel Version 15.3.0: Thu Dec 10 18:40:58 PST 2015; root:xnu-3248.30.4~1/RELEASE_X86_64 x86_64
rlimit: STACK 8192k, CORE 0k, NPROC 709, NOFILE 10240, AS infinity
load average:2.11 2.25 2.38

CPU:total 8 (4 cores per cpu, 2 threads per core) family 6 model 60 stepping 3, cmov, cx8, fxsr, mmx, sse, sse2, sse3, ssse3, sse4.1, sse4.2, popcnt, avx, avx2, aes, clmul, erms, rtm, lzcnt, ht, tsc, tscinvbit, bmi1, bmi2

Memory: 4k page, physical 16777216k(2943076k free)

/proc/meminfo:


vm_info: Java HotSpot(TM) 64-Bit Server VM (25.91-b14) for bsd-amd64 JRE (1.8.0_91-b14), built on Apr  1 2016 01:03:00 by "java_re" with gcc 4.2.1 (Based on Apple Inc. build 5658) (LLVM build 2336.11.00)

time: Thu May 19 01:22:33 2016
elapsed time: 0 seconds (0d 0h 0m 0s)

